[0.101s] DEBUG:colcon:Command line arguments: ['/usr/bin/colcon', 'build', '--packages-select', 'arm_simulator']
[0.101s] DEBUG:colcon:Parsed command line arguments: Namespace(allow_overriding=[], ament_cmake_args=None, base_paths=['.'], build_base='build', catkin_cmake_args=None, catkin_skip_building_tests=False, cmake_args=None, cmake_clean_cache=False, cmake_clean_first=False, cmake_force_configure=False, cmake_target=None, cmake_target_skip_unavailable=False, continue_on_error=False, event_handlers=None, executor='parallel', ignore_user_meta=False, install_base='install', log_base=None, log_level=None, main=<bound method BuildVerb.main of <colcon_core.verb.build.BuildVerb object at 0x7f2ea3e053d0>>, merge_install=False, metas=['./colcon.meta'], packages_above=None, packages_above_and_dependencies=None, packages_above_depth=None, packages_end=None, packages_ignore=None, packages_ignore_regex=None, packages_select=['arm_simulator'], packages_select_build_failed=False, packages_select_by_dep=None, packages_select_regex=None, packages_select_test_failures=False, packages_skip=None, packages_skip_build_finished=False, packages_skip_by_dep=None, packages_skip_regex=None, packages_skip_test_passed=False, packages_skip_up_to=None, packages_start=None, packages_up_to=None, packages_up_to_regex=None, parallel_workers=16, paths=None, symlink_install=False, test_result_base=None, verb_extension=<colcon_core.verb.build.BuildVerb object at 0x7f2ea3e053d0>, verb_name='build', verb_parser=<colcon_defaults.argument_parser.defaults.DefaultArgumentsDecorator object at 0x7f2ea3e05910>)
[0.118s] Level 1:colcon.colcon_core.package_discovery:discover_packages(colcon_meta) check parameters
[0.118s] Level 1:colcon.colcon_core.package_discovery:discover_packages(recursive) check parameters
[0.119s] Level 1:colcon.colcon_core.package_discovery:discover_packages(ignore) check parameters
[0.119s] Level 1:colcon.colcon_core.package_discovery:discover_packages(path) check parameters
[0.119s] Level 1:colcon.colcon_core.package_discovery:discover_packages(colcon_meta) discover
[0.119s] Level 1:colcon.colcon_core.package_discovery:discover_packages(recursive) discover
[0.119s] INFO:colcon.colcon_core.package_discovery:Crawling recursively for packages in '/home/sam/nao-move'
[0.119s] Level 1:colcon.colcon_core.package_identification:_identify(.) by extensions ['ignore', 'ignore_ament_install']
[0.119s] Level 1:colcon.colcon_core.package_identification:_identify(.) by extension 'ignore'
[0.119s] Level 1:colcon.colcon_core.package_identification:_identify(.) by extension 'ignore_ament_install'
[0.119s] Level 1:colcon.colcon_core.package_identification:_identify(.) by extensions ['colcon_pkg']
[0.119s] Level 1:colcon.colcon_core.package_identification:_identify(.) by extension 'colcon_pkg'
[0.119s] Level 1:colcon.colcon_core.package_identification:_identify(.) by extensions ['colcon_meta']
[0.119s] Level 1:colcon.colcon_core.package_identification:_identify(.) by extension 'colcon_meta'
[0.119s] Level 1:colcon.colcon_core.package_identification:_identify(.) by extensions ['ros']
[0.119s] Level 1:colcon.colcon_core.package_identification:_identify(.) by extension 'ros'
[0.127s] Level 1:colcon.colcon_core.package_identification:_identify(.) by extensions ['cmake', 'python']
[0.128s] Level 1:colcon.colcon_core.package_identification:_identify(.) by extension 'cmake'
[0.128s] Level 1:colcon.colcon_core.package_identification:_identify(.) by extension 'python'
[0.128s] Level 1:colcon.colcon_core.package_identification:_identify(.) by extensions ['python_setup_py']
[0.128s] Level 1:colcon.colcon_core.package_identification:_identify(.) by extension 'python_setup_py'
[0.128s] Level 1:colcon.colcon_core.package_identification:_identify(build) by extensions ['ignore', 'ignore_ament_install']
[0.128s] Level 1:colcon.colcon_core.package_identification:_identify(build) by extension 'ignore'
[0.128s] Level 1:colcon.colcon_core.package_identification:_identify(build) ignored
[0.128s] Level 1:colcon.colcon_core.package_identification:_identify(dev_ws) by extensions ['ignore', 'ignore_ament_install']
[0.128s] Level 1:colcon.colcon_core.package_identification:_identify(dev_ws) by extension 'ignore'
[0.128s] Level 1:colcon.colcon_core.package_identification:_identify(dev_ws) by extension 'ignore_ament_install'
[0.128s] Level 1:colcon.colcon_core.package_identification:_identify(dev_ws) by extensions ['colcon_pkg']
[0.128s] Level 1:colcon.colcon_core.package_identification:_identify(dev_ws) by extension 'colcon_pkg'
[0.128s] Level 1:colcon.colcon_core.package_identification:_identify(dev_ws) by extensions ['colcon_meta']
[0.128s] Level 1:colcon.colcon_core.package_identification:_identify(dev_ws) by extension 'colcon_meta'
[0.128s] Level 1:colcon.colcon_core.package_identification:_identify(dev_ws) by extensions ['ros']
[0.128s] Level 1:colcon.colcon_core.package_identification:_identify(dev_ws) by extension 'ros'
[0.128s] Level 1:colcon.colcon_core.package_identification:_identify(dev_ws) by extensions ['cmake', 'python']
[0.128s] Level 1:colcon.colcon_core.package_identification:_identify(dev_ws) by extension 'cmake'
[0.128s] Level 1:colcon.colcon_core.package_identification:_identify(dev_ws) by extension 'python'
[0.128s] Level 1:colcon.colcon_core.package_identification:_identify(dev_ws) by extensions ['python_setup_py']
[0.128s] Level 1:colcon.colcon_core.package_identification:_identify(dev_ws) by extension 'python_setup_py'
[0.128s] Level 1:colcon.colcon_core.package_identification:_identify(dev_ws/build) by extensions ['ignore', 'ignore_ament_install']
[0.129s] Level 1:colcon.colcon_core.package_identification:_identify(dev_ws/build) by extension 'ignore'
[0.129s] Level 1:colcon.colcon_core.package_identification:_identify(dev_ws/build) ignored
[0.129s] Level 1:colcon.colcon_core.package_identification:_identify(dev_ws/install) by extensions ['ignore', 'ignore_ament_install']
[0.129s] Level 1:colcon.colcon_core.package_identification:_identify(dev_ws/install) by extension 'ignore'
[0.129s] Level 1:colcon.colcon_core.package_identification:_identify(dev_ws/install) ignored
[0.129s] Level 1:colcon.colcon_core.package_identification:_identify(dev_ws/log) by extensions ['ignore', 'ignore_ament_install']
[0.129s] Level 1:colcon.colcon_core.package_identification:_identify(dev_ws/log) by extension 'ignore'
[0.129s] Level 1:colcon.colcon_core.package_identification:_identify(dev_ws/log) ignored
[0.129s] Level 1:colcon.colcon_core.package_identification:_identify(dev_ws/src) by extensions ['ignore', 'ignore_ament_install']
[0.129s] Level 1:colcon.colcon_core.package_identification:_identify(dev_ws/src) by extension 'ignore'
[0.129s] Level 1:colcon.colcon_core.package_identification:_identify(dev_ws/src) by extension 'ignore_ament_install'
[0.129s] Level 1:colcon.colcon_core.package_identification:_identify(dev_ws/src) by extensions ['colcon_pkg']
[0.129s] Level 1:colcon.colcon_core.package_identification:_identify(dev_ws/src) by extension 'colcon_pkg'
[0.129s] Level 1:colcon.colcon_core.package_identification:_identify(dev_ws/src) by extensions ['colcon_meta']
[0.129s] Level 1:colcon.colcon_core.package_identification:_identify(dev_ws/src) by extension 'colcon_meta'
[0.129s] Level 1:colcon.colcon_core.package_identification:_identify(dev_ws/src) by extensions ['ros']
[0.129s] Level 1:colcon.colcon_core.package_identification:_identify(dev_ws/src) by extension 'ros'
[0.129s] Level 1:colcon.colcon_core.package_identification:_identify(dev_ws/src) by extensions ['cmake', 'python']
[0.129s] Level 1:colcon.colcon_core.package_identification:_identify(dev_ws/src) by extension 'cmake'
[0.129s] Level 1:colcon.colcon_core.package_identification:_identify(dev_ws/src) by extension 'python'
[0.130s] Level 1:colcon.colcon_core.package_identification:_identify(dev_ws/src) by extensions ['python_setup_py']
[0.130s] Level 1:colcon.colcon_core.package_identification:_identify(dev_ws/src) by extension 'python_setup_py'
[0.130s] Level 1:colcon.colcon_core.package_identification:_identify(dev_ws/src/arm_simulator) by extensions ['ignore', 'ignore_ament_install']
[0.130s] Level 1:colcon.colcon_core.package_identification:_identify(dev_ws/src/arm_simulator) by extension 'ignore'
[0.130s] Level 1:colcon.colcon_core.package_identification:_identify(dev_ws/src/arm_simulator) by extension 'ignore_ament_install'
[0.130s] Level 1:colcon.colcon_core.package_identification:_identify(dev_ws/src/arm_simulator) by extensions ['colcon_pkg']
[0.130s] Level 1:colcon.colcon_core.package_identification:_identify(dev_ws/src/arm_simulator) by extension 'colcon_pkg'
[0.130s] Level 1:colcon.colcon_core.package_identification:_identify(dev_ws/src/arm_simulator) by extensions ['colcon_meta']
[0.130s] Level 1:colcon.colcon_core.package_identification:_identify(dev_ws/src/arm_simulator) by extension 'colcon_meta'
[0.130s] Level 1:colcon.colcon_core.package_identification:_identify(dev_ws/src/arm_simulator) by extensions ['ros']
[0.130s] Level 1:colcon.colcon_core.package_identification:_identify(dev_ws/src/arm_simulator) by extension 'ros'
[0.132s] DEBUG:colcon.colcon_core.package_identification:Package 'dev_ws/src/arm_simulator' with type 'ros.ament_python' and name 'arm_simulator'
[0.132s] Level 1:colcon.colcon_core.package_identification:_identify(docs) by extensions ['ignore', 'ignore_ament_install']
[0.132s] Level 1:colcon.colcon_core.package_identification:_identify(docs) by extension 'ignore'
[0.132s] Level 1:colcon.colcon_core.package_identification:_identify(docs) by extension 'ignore_ament_install'
[0.132s] Level 1:colcon.colcon_core.package_identification:_identify(docs) by extensions ['colcon_pkg']
[0.132s] Level 1:colcon.colcon_core.package_identification:_identify(docs) by extension 'colcon_pkg'
[0.132s] Level 1:colcon.colcon_core.package_identification:_identify(docs) by extensions ['colcon_meta']
[0.132s] Level 1:colcon.colcon_core.package_identification:_identify(docs) by extension 'colcon_meta'
[0.132s] Level 1:colcon.colcon_core.package_identification:_identify(docs) by extensions ['ros']
[0.133s] Level 1:colcon.colcon_core.package_identification:_identify(docs) by extension 'ros'
[0.133s] Level 1:colcon.colcon_core.package_identification:_identify(docs) by extensions ['cmake', 'python']
[0.133s] Level 1:colcon.colcon_core.package_identification:_identify(docs) by extension 'cmake'
[0.133s] Level 1:colcon.colcon_core.package_identification:_identify(docs) by extension 'python'
[0.133s] Level 1:colcon.colcon_core.package_identification:_identify(docs) by extensions ['python_setup_py']
[0.133s] Level 1:colcon.colcon_core.package_identification:_identify(docs) by extension 'python_setup_py'
[0.133s] Level 1:colcon.colcon_core.package_identification:_identify(hand-gesture-recognition-mediapipe) by extensions ['ignore', 'ignore_ament_install']
[0.133s] Level 1:colcon.colcon_core.package_identification:_identify(hand-gesture-recognition-mediapipe) by extension 'ignore'
[0.133s] Level 1:colcon.colcon_core.package_identification:_identify(hand-gesture-recognition-mediapipe) by extension 'ignore_ament_install'
[0.133s] Level 1:colcon.colcon_core.package_identification:_identify(hand-gesture-recognition-mediapipe) by extensions ['colcon_pkg']
[0.133s] Level 1:colcon.colcon_core.package_identification:_identify(hand-gesture-recognition-mediapipe) by extension 'colcon_pkg'
[0.133s] Level 1:colcon.colcon_core.package_identification:_identify(hand-gesture-recognition-mediapipe) by extensions ['colcon_meta']
[0.133s] Level 1:colcon.colcon_core.package_identification:_identify(hand-gesture-recognition-mediapipe) by extension 'colcon_meta'
[0.133s] Level 1:colcon.colcon_core.package_identification:_identify(hand-gesture-recognition-mediapipe) by extensions ['ros']
[0.133s] Level 1:colcon.colcon_core.package_identification:_identify(hand-gesture-recognition-mediapipe) by extension 'ros'
[0.133s] Level 1:colcon.colcon_core.package_identification:_identify(hand-gesture-recognition-mediapipe) by extensions ['cmake', 'python']
[0.133s] Level 1:colcon.colcon_core.package_identification:_identify(hand-gesture-recognition-mediapipe) by extension 'cmake'
[0.133s] Level 1:colcon.colcon_core.package_identification:_identify(hand-gesture-recognition-mediapipe) by extension 'python'
[0.133s] Level 1:colcon.colcon_core.package_identification:_identify(hand-gesture-recognition-mediapipe) by extensions ['python_setup_py']
[0.133s] Level 1:colcon.colcon_core.package_identification:_identify(hand-gesture-recognition-mediapipe) by extension 'python_setup_py'
[0.133s] Level 1:colcon.colcon_core.package_identification:_identify(hand-gesture-recognition-mediapipe/model) by extensions ['ignore', 'ignore_ament_install']
[0.133s] Level 1:colcon.colcon_core.package_identification:_identify(hand-gesture-recognition-mediapipe/model) by extension 'ignore'
[0.133s] Level 1:colcon.colcon_core.package_identification:_identify(hand-gesture-recognition-mediapipe/model) by extension 'ignore_ament_install'
[0.134s] Level 1:colcon.colcon_core.package_identification:_identify(hand-gesture-recognition-mediapipe/model) by extensions ['colcon_pkg']
[0.134s] Level 1:colcon.colcon_core.package_identification:_identify(hand-gesture-recognition-mediapipe/model) by extension 'colcon_pkg'
[0.134s] Level 1:colcon.colcon_core.package_identification:_identify(hand-gesture-recognition-mediapipe/model) by extensions ['colcon_meta']
[0.134s] Level 1:colcon.colcon_core.package_identification:_identify(hand-gesture-recognition-mediapipe/model) by extension 'colcon_meta'
[0.134s] Level 1:colcon.colcon_core.package_identification:_identify(hand-gesture-recognition-mediapipe/model) by extensions ['ros']
[0.134s] Level 1:colcon.colcon_core.package_identification:_identify(hand-gesture-recognition-mediapipe/model) by extension 'ros'
[0.134s] Level 1:colcon.colcon_core.package_identification:_identify(hand-gesture-recognition-mediapipe/model) by extensions ['cmake', 'python']
[0.134s] Level 1:colcon.colcon_core.package_identification:_identify(hand-gesture-recognition-mediapipe/model) by extension 'cmake'
[0.134s] Level 1:colcon.colcon_core.package_identification:_identify(hand-gesture-recognition-mediapipe/model) by extension 'python'
[0.134s] Level 1:colcon.colcon_core.package_identification:_identify(hand-gesture-recognition-mediapipe/model) by extensions ['python_setup_py']
[0.134s] Level 1:colcon.colcon_core.package_identification:_identify(hand-gesture-recognition-mediapipe/model) by extension 'python_setup_py'
[0.168s] Level 1:colcon.colcon_core.package_identification:_identify(hand-gesture-recognition-mediapipe/model/__pycache__) by extensions ['ignore', 'ignore_ament_install']
[0.168s] Level 1:colcon.colcon_core.package_identification:_identify(hand-gesture-recognition-mediapipe/model/__pycache__) by extension 'ignore'
[0.168s] Level 1:colcon.colcon_core.package_identification:_identify(hand-gesture-recognition-mediapipe/model/__pycache__) by extension 'ignore_ament_install'
[0.168s] Level 1:colcon.colcon_core.package_identification:_identify(hand-gesture-recognition-mediapipe/model/__pycache__) by extensions ['colcon_pkg']
[0.168s] Level 1:colcon.colcon_core.package_identification:_identify(hand-gesture-recognition-mediapipe/model/__pycache__) by extension 'colcon_pkg'
[0.168s] Level 1:colcon.colcon_core.package_identification:_identify(hand-gesture-recognition-mediapipe/model/__pycache__) by extensions ['colcon_meta']
[0.168s] Level 1:colcon.colcon_core.package_identification:_identify(hand-gesture-recognition-mediapipe/model/__pycache__) by extension 'colcon_meta'
[0.168s] Level 1:colcon.colcon_core.package_identification:_identify(hand-gesture-recognition-mediapipe/model/__pycache__) by extensions ['ros']
[0.168s] Level 1:colcon.colcon_core.package_identification:_identify(hand-gesture-recognition-mediapipe/model/__pycache__) by extension 'ros'
[0.168s] Level 1:colcon.colcon_core.package_identification:_identify(hand-gesture-recognition-mediapipe/model/__pycache__) by extensions ['cmake', 'python']
[0.168s] Level 1:colcon.colcon_core.package_identification:_identify(hand-gesture-recognition-mediapipe/model/__pycache__) by extension 'cmake'
[0.168s] Level 1:colcon.colcon_core.package_identification:_identify(hand-gesture-recognition-mediapipe/model/__pycache__) by extension 'python'
[0.168s] Level 1:colcon.colcon_core.package_identification:_identify(hand-gesture-recognition-mediapipe/model/__pycache__) by extensions ['python_setup_py']
[0.168s] Level 1:colcon.colcon_core.package_identification:_identify(hand-gesture-recognition-mediapipe/model/__pycache__) by extension 'python_setup_py'
[0.168s] Level 1:colcon.colcon_core.package_identification:_identify(hand-gesture-recognition-mediapipe/model/keypoint_classifier) by extensions ['ignore', 'ignore_ament_install']
[0.168s] Level 1:colcon.colcon_core.package_identification:_identify(hand-gesture-recognition-mediapipe/model/keypoint_classifier) by extension 'ignore'
[0.168s] Level 1:colcon.colcon_core.package_identification:_identify(hand-gesture-recognition-mediapipe/model/keypoint_classifier) by extension 'ignore_ament_install'
[0.168s] Level 1:colcon.colcon_core.package_identification:_identify(hand-gesture-recognition-mediapipe/model/keypoint_classifier) by extensions ['colcon_pkg']
[0.168s] Level 1:colcon.colcon_core.package_identification:_identify(hand-gesture-recognition-mediapipe/model/keypoint_classifier) by extension 'colcon_pkg'
[0.169s] Level 1:colcon.colcon_core.package_identification:_identify(hand-gesture-recognition-mediapipe/model/keypoint_classifier) by extensions ['colcon_meta']
[0.169s] Level 1:colcon.colcon_core.package_identification:_identify(hand-gesture-recognition-mediapipe/model/keypoint_classifier) by extension 'colcon_meta'
[0.169s] Level 1:colcon.colcon_core.package_identification:_identify(hand-gesture-recognition-mediapipe/model/keypoint_classifier) by extensions ['ros']
[0.169s] Level 1:colcon.colcon_core.package_identification:_identify(hand-gesture-recognition-mediapipe/model/keypoint_classifier) by extension 'ros'
[0.169s] Level 1:colcon.colcon_core.package_identification:_identify(hand-gesture-recognition-mediapipe/model/keypoint_classifier) by extensions ['cmake', 'python']
[0.169s] Level 1:colcon.colcon_core.package_identification:_identify(hand-gesture-recognition-mediapipe/model/keypoint_classifier) by extension 'cmake'
[0.169s] Level 1:colcon.colcon_core.package_identification:_identify(hand-gesture-recognition-mediapipe/model/keypoint_classifier) by extension 'python'
[0.169s] Level 1:colcon.colcon_core.package_identification:_identify(hand-gesture-recognition-mediapipe/model/keypoint_classifier) by extensions ['python_setup_py']
[0.169s] Level 1:colcon.colcon_core.package_identification:_identify(hand-gesture-recognition-mediapipe/model/keypoint_classifier) by extension 'python_setup_py'
[0.169s] Level 1:colcon.colcon_core.package_identification:_identify(hand-gesture-recognition-mediapipe/model/keypoint_classifier/__pycache__) by extensions ['ignore', 'ignore_ament_install']
[0.169s] Level 1:colcon.colcon_core.package_identification:_identify(hand-gesture-recognition-mediapipe/model/keypoint_classifier/__pycache__) by extension 'ignore'
[0.169s] Level 1:colcon.colcon_core.package_identification:_identify(hand-gesture-recognition-mediapipe/model/keypoint_classifier/__pycache__) by extension 'ignore_ament_install'
[0.169s] Level 1:colcon.colcon_core.package_identification:_identify(hand-gesture-recognition-mediapipe/model/keypoint_classifier/__pycache__) by extensions ['colcon_pkg']
[0.169s] Level 1:colcon.colcon_core.package_identification:_identify(hand-gesture-recognition-mediapipe/model/keypoint_classifier/__pycache__) by extension 'colcon_pkg'
[0.169s] Level 1:colcon.colcon_core.package_identification:_identify(hand-gesture-recognition-mediapipe/model/keypoint_classifier/__pycache__) by extensions ['colcon_meta']
[0.169s] Level 1:colcon.colcon_core.package_identification:_identify(hand-gesture-recognition-mediapipe/model/keypoint_classifier/__pycache__) by extension 'colcon_meta'
[0.169s] Level 1:colcon.colcon_core.package_identification:_identify(hand-gesture-recognition-mediapipe/model/keypoint_classifier/__pycache__) by extensions ['ros']
[0.169s] Level 1:colcon.colcon_core.package_identification:_identify(hand-gesture-recognition-mediapipe/model/keypoint_classifier/__pycache__) by extension 'ros'
[0.169s] Level 1:colcon.colcon_core.package_identification:_identify(hand-gesture-recognition-mediapipe/model/keypoint_classifier/__pycache__) by extensions ['cmake', 'python']
[0.169s] Level 1:colcon.colcon_core.package_identification:_identify(hand-gesture-recognition-mediapipe/model/keypoint_classifier/__pycache__) by extension 'cmake'
[0.169s] Level 1:colcon.colcon_core.package_identification:_identify(hand-gesture-recognition-mediapipe/model/keypoint_classifier/__pycache__) by extension 'python'
[0.170s] Level 1:colcon.colcon_core.package_identification:_identify(hand-gesture-recognition-mediapipe/model/keypoint_classifier/__pycache__) by extensions ['python_setup_py']
[0.170s] Level 1:colcon.colcon_core.package_identification:_identify(hand-gesture-recognition-mediapipe/model/keypoint_classifier/__pycache__) by extension 'python_setup_py'
[0.170s] Level 1:colcon.colcon_core.package_identification:_identify(hand-gesture-recognition-mediapipe/model/point_history_classifier) by extensions ['ignore', 'ignore_ament_install']
[0.170s] Level 1:colcon.colcon_core.package_identification:_identify(hand-gesture-recognition-mediapipe/model/point_history_classifier) by extension 'ignore'
[0.170s] Level 1:colcon.colcon_core.package_identification:_identify(hand-gesture-recognition-mediapipe/model/point_history_classifier) by extension 'ignore_ament_install'
[0.170s] Level 1:colcon.colcon_core.package_identification:_identify(hand-gesture-recognition-mediapipe/model/point_history_classifier) by extensions ['colcon_pkg']
[0.170s] Level 1:colcon.colcon_core.package_identification:_identify(hand-gesture-recognition-mediapipe/model/point_history_classifier) by extension 'colcon_pkg'
[0.170s] Level 1:colcon.colcon_core.package_identification:_identify(hand-gesture-recognition-mediapipe/model/point_history_classifier) by extensions ['colcon_meta']
[0.170s] Level 1:colcon.colcon_core.package_identification:_identify(hand-gesture-recognition-mediapipe/model/point_history_classifier) by extension 'colcon_meta'
[0.170s] Level 1:colcon.colcon_core.package_identification:_identify(hand-gesture-recognition-mediapipe/model/point_history_classifier) by extensions ['ros']
[0.170s] Level 1:colcon.colcon_core.package_identification:_identify(hand-gesture-recognition-mediapipe/model/point_history_classifier) by extension 'ros'
[0.170s] Level 1:colcon.colcon_core.package_identification:_identify(hand-gesture-recognition-mediapipe/model/point_history_classifier) by extensions ['cmake', 'python']
[0.170s] Level 1:colcon.colcon_core.package_identification:_identify(hand-gesture-recognition-mediapipe/model/point_history_classifier) by extension 'cmake'
[0.170s] Level 1:colcon.colcon_core.package_identification:_identify(hand-gesture-recognition-mediapipe/model/point_history_classifier) by extension 'python'
[0.170s] Level 1:colcon.colcon_core.package_identification:_identify(hand-gesture-recognition-mediapipe/model/point_history_classifier) by extensions ['python_setup_py']
[0.170s] Level 1:colcon.colcon_core.package_identification:_identify(hand-gesture-recognition-mediapipe/model/point_history_classifier) by extension 'python_setup_py'
[0.178s] Level 1:colcon.colcon_core.package_identification:_identify(hand-gesture-recognition-mediapipe/model/point_history_classifier/__pycache__) by extensions ['ignore', 'ignore_ament_install']
[0.178s] Level 1:colcon.colcon_core.package_identification:_identify(hand-gesture-recognition-mediapipe/model/point_history_classifier/__pycache__) by extension 'ignore'
[0.178s] Level 1:colcon.colcon_core.package_identification:_identify(hand-gesture-recognition-mediapipe/model/point_history_classifier/__pycache__) by extension 'ignore_ament_install'
[0.178s] Level 1:colcon.colcon_core.package_identification:_identify(hand-gesture-recognition-mediapipe/model/point_history_classifier/__pycache__) by extensions ['colcon_pkg']
[0.178s] Level 1:colcon.colcon_core.package_identification:_identify(hand-gesture-recognition-mediapipe/model/point_history_classifier/__pycache__) by extension 'colcon_pkg'
[0.178s] Level 1:colcon.colcon_core.package_identification:_identify(hand-gesture-recognition-mediapipe/model/point_history_classifier/__pycache__) by extensions ['colcon_meta']
[0.178s] Level 1:colcon.colcon_core.package_identification:_identify(hand-gesture-recognition-mediapipe/model/point_history_classifier/__pycache__) by extension 'colcon_meta'
[0.178s] Level 1:colcon.colcon_core.package_identification:_identify(hand-gesture-recognition-mediapipe/model/point_history_classifier/__pycache__) by extensions ['ros']
[0.178s] Level 1:colcon.colcon_core.package_identification:_identify(hand-gesture-recognition-mediapipe/model/point_history_classifier/__pycache__) by extension 'ros'
[0.178s] Level 1:colcon.colcon_core.package_identification:_identify(hand-gesture-recognition-mediapipe/model/point_history_classifier/__pycache__) by extensions ['cmake', 'python']
[0.178s] Level 1:colcon.colcon_core.package_identification:_identify(hand-gesture-recognition-mediapipe/model/point_history_classifier/__pycache__) by extension 'cmake'
[0.178s] Level 1:colcon.colcon_core.package_identification:_identify(hand-gesture-recognition-mediapipe/model/point_history_classifier/__pycache__) by extension 'python'
[0.178s] Level 1:colcon.colcon_core.package_identification:_identify(hand-gesture-recognition-mediapipe/model/point_history_classifier/__pycache__) by extensions ['python_setup_py']
[0.179s] Level 1:colcon.colcon_core.package_identification:_identify(hand-gesture-recognition-mediapipe/model/point_history_classifier/__pycache__) by extension 'python_setup_py'
[0.179s] Level 1:colcon.colcon_core.package_identification:_identify(hand-gesture-recognition-mediapipe/utils) by extensions ['ignore', 'ignore_ament_install']
[0.179s] Level 1:colcon.colcon_core.package_identification:_identify(hand-gesture-recognition-mediapipe/utils) by extension 'ignore'
[0.179s] Level 1:colcon.colcon_core.package_identification:_identify(hand-gesture-recognition-mediapipe/utils) by extension 'ignore_ament_install'
[0.179s] Level 1:colcon.colcon_core.package_identification:_identify(hand-gesture-recognition-mediapipe/utils) by extensions ['colcon_pkg']
[0.179s] Level 1:colcon.colcon_core.package_identification:_identify(hand-gesture-recognition-mediapipe/utils) by extension 'colcon_pkg'
[0.179s] Level 1:colcon.colcon_core.package_identification:_identify(hand-gesture-recognition-mediapipe/utils) by extensions ['colcon_meta']
[0.179s] Level 1:colcon.colcon_core.package_identification:_identify(hand-gesture-recognition-mediapipe/utils) by extension 'colcon_meta'
[0.179s] Level 1:colcon.colcon_core.package_identification:_identify(hand-gesture-recognition-mediapipe/utils) by extensions ['ros']
[0.179s] Level 1:colcon.colcon_core.package_identification:_identify(hand-gesture-recognition-mediapipe/utils) by extension 'ros'
[0.179s] Level 1:colcon.colcon_core.package_identification:_identify(hand-gesture-recognition-mediapipe/utils) by extensions ['cmake', 'python']
[0.179s] Level 1:colcon.colcon_core.package_identification:_identify(hand-gesture-recognition-mediapipe/utils) by extension 'cmake'
[0.179s] Level 1:colcon.colcon_core.package_identification:_identify(hand-gesture-recognition-mediapipe/utils) by extension 'python'
[0.179s] Level 1:colcon.colcon_core.package_identification:_identify(hand-gesture-recognition-mediapipe/utils) by extensions ['python_setup_py']
[0.179s] Level 1:colcon.colcon_core.package_identification:_identify(hand-gesture-recognition-mediapipe/utils) by extension 'python_setup_py'
[0.179s] Level 1:colcon.colcon_core.package_identification:_identify(hand-gesture-recognition-mediapipe/utils/__pycache__) by extensions ['ignore', 'ignore_ament_install']
[0.179s] Level 1:colcon.colcon_core.package_identification:_identify(hand-gesture-recognition-mediapipe/utils/__pycache__) by extension 'ignore'
[0.179s] Level 1:colcon.colcon_core.package_identification:_identify(hand-gesture-recognition-mediapipe/utils/__pycache__) by extension 'ignore_ament_install'
[0.179s] Level 1:colcon.colcon_core.package_identification:_identify(hand-gesture-recognition-mediapipe/utils/__pycache__) by extensions ['colcon_pkg']
[0.179s] Level 1:colcon.colcon_core.package_identification:_identify(hand-gesture-recognition-mediapipe/utils/__pycache__) by extension 'colcon_pkg'
[0.180s] Level 1:colcon.colcon_core.package_identification:_identify(hand-gesture-recognition-mediapipe/utils/__pycache__) by extensions ['colcon_meta']
[0.180s] Level 1:colcon.colcon_core.package_identification:_identify(hand-gesture-recognition-mediapipe/utils/__pycache__) by extension 'colcon_meta'
[0.180s] Level 1:colcon.colcon_core.package_identification:_identify(hand-gesture-recognition-mediapipe/utils/__pycache__) by extensions ['ros']
[0.180s] Level 1:colcon.colcon_core.package_identification:_identify(hand-gesture-recognition-mediapipe/utils/__pycache__) by extension 'ros'
[0.180s] Level 1:colcon.colcon_core.package_identification:_identify(hand-gesture-recognition-mediapipe/utils/__pycache__) by extensions ['cmake', 'python']
[0.180s] Level 1:colcon.colcon_core.package_identification:_identify(hand-gesture-recognition-mediapipe/utils/__pycache__) by extension 'cmake'
[0.180s] Level 1:colcon.colcon_core.package_identification:_identify(hand-gesture-recognition-mediapipe/utils/__pycache__) by extension 'python'
[0.180s] Level 1:colcon.colcon_core.package_identification:_identify(hand-gesture-recognition-mediapipe/utils/__pycache__) by extensions ['python_setup_py']
[0.180s] Level 1:colcon.colcon_core.package_identification:_identify(hand-gesture-recognition-mediapipe/utils/__pycache__) by extension 'python_setup_py'
[0.180s] Level 1:colcon.colcon_core.package_identification:_identify(install) by extensions ['ignore', 'ignore_ament_install']
[0.180s] Level 1:colcon.colcon_core.package_identification:_identify(install) by extension 'ignore'
[0.180s] Level 1:colcon.colcon_core.package_identification:_identify(install) ignored
[0.180s] Level 1:colcon.colcon_core.package_identification:_identify(log) by extensions ['ignore', 'ignore_ament_install']
[0.180s] Level 1:colcon.colcon_core.package_identification:_identify(log) by extension 'ignore'
[0.180s] Level 1:colcon.colcon_core.package_identification:_identify(log) ignored
[0.180s] Level 1:colcon.colcon_core.package_discovery:discover_packages(recursive) using defaults
[0.180s] Level 1:colcon.colcon_core.package_discovery:discover_packages(ignore) discover
[0.180s] Level 1:colcon.colcon_core.package_discovery:discover_packages(ignore) using defaults
[0.180s] Level 1:colcon.colcon_core.package_discovery:discover_packages(path) discover
[0.180s] Level 1:colcon.colcon_core.package_discovery:discover_packages(path) using defaults
[0.193s] Level 1:colcon.colcon_core.package_discovery:discover_packages(prefix_path) check parameters
[0.193s] Level 1:colcon.colcon_core.package_discovery:discover_packages(prefix_path) discover
[0.196s] DEBUG:colcon.colcon_installed_package_information.package_discovery:Found 256 installed packages in /opt/ros/foxy
[0.197s] Level 1:colcon.colcon_core.package_discovery:discover_packages(prefix_path) using defaults
[0.256s] Level 5:colcon.colcon_core.verb:set package 'arm_simulator' build argument 'cmake_args' from command line to 'None'
[0.256s] Level 5:colcon.colcon_core.verb:set package 'arm_simulator' build argument 'cmake_target' from command line to 'None'
[0.256s] Level 5:colcon.colcon_core.verb:set package 'arm_simulator' build argument 'cmake_target_skip_unavailable' from command line to 'False'
[0.256s] Level 5:colcon.colcon_core.verb:set package 'arm_simulator' build argument 'cmake_clean_cache' from command line to 'False'
[0.256s] Level 5:colcon.colcon_core.verb:set package 'arm_simulator' build argument 'cmake_clean_first' from command line to 'False'
[0.256s] Level 5:colcon.colcon_core.verb:set package 'arm_simulator' build argument 'cmake_force_configure' from command line to 'False'
[0.256s] Level 5:colcon.colcon_core.verb:set package 'arm_simulator' build argument 'ament_cmake_args' from command line to 'None'
[0.256s] Level 5:colcon.colcon_core.verb:set package 'arm_simulator' build argument 'catkin_cmake_args' from command line to 'None'
[0.256s] Level 5:colcon.colcon_core.verb:set package 'arm_simulator' build argument 'catkin_skip_building_tests' from command line to 'False'
[0.256s] DEBUG:colcon.colcon_core.verb:Building package 'arm_simulator' with the following arguments: {'ament_cmake_args': None, 'build_base': '/home/sam/nao-move/build/arm_simulator', 'catkin_cmake_args': None, 'catkin_skip_building_tests': False, 'cmake_args': None, 'cmake_clean_cache': False, 'cmake_clean_first': False, 'cmake_force_configure': False, 'cmake_target': None, 'cmake_target_skip_unavailable': False, 'install_base': '/home/sam/nao-move/install/arm_simulator', 'merge_install': False, 'path': '/home/sam/nao-move/dev_ws/src/arm_simulator', 'symlink_install': False, 'test_result_base': None}
[0.256s] INFO:colcon.colcon_core.executor:Executing jobs using 'parallel' executor
[0.258s] DEBUG:colcon.colcon_parallel_executor.executor.parallel:run_until_complete
[0.258s] INFO:colcon.colcon_ros.task.ament_python.build:Building ROS package in '/home/sam/nao-move/dev_ws/src/arm_simulator' with build type 'ament_python'
[0.258s] Level 1:colcon.colcon_core.shell:create_environment_hook('arm_simulator', 'ament_prefix_path')
[0.260s] INFO:colcon.colcon_core.plugin_system:Skipping extension 'colcon_core.shell.bat': Not used on non-Windows systems
[0.261s] INFO:colcon.colcon_core.shell:Creating environment hook '/home/sam/nao-move/install/arm_simulator/share/arm_simulator/hook/ament_prefix_path.ps1'
[0.261s] INFO:colcon.colcon_core.shell:Creating environment descriptor '/home/sam/nao-move/install/arm_simulator/share/arm_simulator/hook/ament_prefix_path.dsv'
[0.261s] INFO:colcon.colcon_core.shell:Creating environment hook '/home/sam/nao-move/install/arm_simulator/share/arm_simulator/hook/ament_prefix_path.sh'
[0.262s] INFO:colcon.colcon_core.shell:Skip shell extension 'powershell' for command environment: Not usable outside of PowerShell
[0.262s] DEBUG:colcon.colcon_core.shell:Skip shell extension 'dsv' for command environment
[0.446s] INFO:colcon.colcon_core.task.python.build:Building Python package in '/home/sam/nao-move/dev_ws/src/arm_simulator'
[0.447s] INFO:colcon.colcon_core.shell:Skip shell extension 'powershell' for command environment: Not usable outside of PowerShell
[0.447s] DEBUG:colcon.colcon_core.shell:Skip shell extension 'dsv' for command environment
[0.770s] DEBUG:colcon.colcon_core.event_handler.log_command:Invoking command in '/home/sam/nao-move/dev_ws/src/arm_simulator': PYTHONPATH=/home/sam/nao-move/install/arm_simulator/lib/python3.8/site-packages:${PYTHONPATH} /usr/bin/python3 setup.py egg_info --egg-base ../../../build/arm_simulator build --build-base /home/sam/nao-move/build/arm_simulator/build install --prefix /home/sam/nao-move/install/arm_simulator --record /home/sam/nao-move/build/arm_simulator/install.log --single-version-externally-managed
[1.010s] DEBUG:colcon.colcon_core.event_handler.log_command:Invoked command in '/home/sam/nao-move/dev_ws/src/arm_simulator' returned '0': PYTHONPATH=/home/sam/nao-move/install/arm_simulator/lib/python3.8/site-packages:${PYTHONPATH} /usr/bin/python3 setup.py egg_info --egg-base ../../../build/arm_simulator build --build-base /home/sam/nao-move/build/arm_simulator/build install --prefix /home/sam/nao-move/install/arm_simulator --record /home/sam/nao-move/build/arm_simulator/install.log --single-version-externally-managed
[1.013s] Level 1:colcon.colcon_core.environment:checking '/home/sam/nao-move/install/arm_simulator' for CMake module files
[1.013s] Level 1:colcon.colcon_core.environment:checking '/home/sam/nao-move/install/arm_simulator' for CMake config files
[1.014s] Level 1:colcon.colcon_core.environment:checking '/home/sam/nao-move/install/arm_simulator/lib'
[1.014s] Level 1:colcon.colcon_core.environment:checking '/home/sam/nao-move/install/arm_simulator/bin'
[1.014s] Level 1:colcon.colcon_core.environment:checking '/home/sam/nao-move/install/arm_simulator/lib/pkgconfig/arm_simulator.pc'
[1.014s] Level 1:colcon.colcon_core.environment:checking '/home/sam/nao-move/install/arm_simulator/lib/python3.8/site-packages'
[1.014s] Level 1:colcon.colcon_core.shell:create_environment_hook('arm_simulator', 'pythonpath')
[1.015s] INFO:colcon.colcon_core.shell:Creating environment hook '/home/sam/nao-move/install/arm_simulator/share/arm_simulator/hook/pythonpath.ps1'
[1.015s] INFO:colcon.colcon_core.shell:Creating environment descriptor '/home/sam/nao-move/install/arm_simulator/share/arm_simulator/hook/pythonpath.dsv'
[1.015s] INFO:colcon.colcon_core.shell:Creating environment hook '/home/sam/nao-move/install/arm_simulator/share/arm_simulator/hook/pythonpath.sh'
[1.015s] Level 1:colcon.colcon_core.environment:checking '/home/sam/nao-move/install/arm_simulator/bin'
[1.015s] Level 1:colcon.colcon_core.environment:create_environment_scripts_only(arm_simulator)
[1.016s] INFO:colcon.colcon_core.shell:Creating package script '/home/sam/nao-move/install/arm_simulator/share/arm_simulator/package.ps1'
[1.016s] INFO:colcon.colcon_core.shell:Creating package descriptor '/home/sam/nao-move/install/arm_simulator/share/arm_simulator/package.dsv'
[1.017s] INFO:colcon.colcon_core.shell:Creating package script '/home/sam/nao-move/install/arm_simulator/share/arm_simulator/package.sh'
[1.017s] INFO:colcon.colcon_core.shell:Creating package script '/home/sam/nao-move/install/arm_simulator/share/arm_simulator/package.bash'
[1.018s] INFO:colcon.colcon_core.shell:Creating package script '/home/sam/nao-move/install/arm_simulator/share/arm_simulator/package.zsh'
[1.018s] Level 1:colcon.colcon_core.environment:create_file_with_runtime_dependencies(/home/sam/nao-move/install/arm_simulator/share/colcon-core/packages/arm_simulator)
[1.019s] DEBUG:colcon.colcon_parallel_executor.executor.parallel:closing loop
[1.019s] DEBUG:colcon.colcon_parallel_executor.executor.parallel:loop closed
[1.019s] DEBUG:colcon.colcon_parallel_executor.executor.parallel:run_until_complete finished with '0'
[1.019s] DEBUG:colcon.colcon_core.event_reactor:joining thread
[1.023s] INFO:colcon.colcon_core.plugin_system:Skipping extension 'colcon_notification.desktop_notification.terminal_notifier': Not used on non-Darwin systems
[1.023s] INFO:colcon.colcon_core.plugin_system:Skipping extension 'colcon_notification.desktop_notification.win32': Not used on non-Windows systems
[1.023s] INFO:colcon.colcon_notification.desktop_notification:Sending desktop notification using 'notify2'
[1.024s] DEBUG:colcon.colcon_core.event_reactor:joined thread
[1.024s] INFO:colcon.colcon_core.shell:Creating prefix script '/home/sam/nao-move/install/local_setup.ps1'
[1.025s] INFO:colcon.colcon_core.shell:Creating prefix util module '/home/sam/nao-move/install/_local_setup_util_ps1.py'
[1.026s] INFO:colcon.colcon_core.shell:Creating prefix chain script '/home/sam/nao-move/install/setup.ps1'
[1.027s] INFO:colcon.colcon_core.shell:Creating prefix script '/home/sam/nao-move/install/local_setup.sh'
[1.027s] INFO:colcon.colcon_core.shell:Creating prefix util module '/home/sam/nao-move/install/_local_setup_util_sh.py'
[1.027s] INFO:colcon.colcon_core.shell:Creating prefix chain script '/home/sam/nao-move/install/setup.sh'
[1.028s] INFO:colcon.colcon_core.shell:Creating prefix script '/home/sam/nao-move/install/local_setup.bash'
[1.028s] INFO:colcon.colcon_core.shell:Creating prefix chain script '/home/sam/nao-move/install/setup.bash'
[1.029s] INFO:colcon.colcon_core.shell:Creating prefix script '/home/sam/nao-move/install/local_setup.zsh'
[1.029s] INFO:colcon.colcon_core.shell:Creating prefix chain script '/home/sam/nao-move/install/setup.zsh'
