/home/sam/nao-move/install/arm_simulator/lib/python3.8/site-packages/arm_simulator/__init__.py
/home/sam/nao-move/install/arm_simulator/lib/python3.8/site-packages/arm_simulator/speech_talker.py
/home/sam/nao-move/install/arm_simulator/lib/python3.8/site-packages/arm_simulator/gesture_talker.py
/home/sam/nao-move/install/arm_simulator/lib/python3.8/site-packages/arm_simulator/sim_listener.py
/home/sam/nao-move/install/arm_simulator/lib/python3.8/site-packages/arm_simulator/utils/pepper_simulator.py
/home/sam/nao-move/install/arm_simulator/lib/python3.8/site-packages/arm_simulator/utils/__init__.py
/home/sam/nao-move/install/arm_simulator/lib/python3.8/site-packages/arm_simulator/utils/simulator.py
/home/sam/nao-move/install/arm_simulator/lib/python3.8/site-packages/arm_simulator/utils/cvutils.py
/home/sam/nao-move/install/arm_simulator/lib/python3.8/site-packages/arm_simulator/utils/keypoint_classifier/__init__.py
/home/sam/nao-move/install/arm_simulator/lib/python3.8/site-packages/arm_simulator/utils/keypoint_classifier/keypoint_classifier.py
/home/sam/nao-move/install/arm_simulator/lib/python3.8/site-packages/arm_simulator/utils/point_history_classifier/__init__.py
/home/sam/nao-move/install/arm_simulator/lib/python3.8/site-packages/arm_simulator/utils/point_history_classifier/point_history_classifier.py
/home/sam/nao-move/install/arm_simulator/lib/python3.8/site-packages/arm_simulator/__pycache__/__init__.cpython-38.pyc
/home/sam/nao-move/install/arm_simulator/lib/python3.8/site-packages/arm_simulator/__pycache__/speech_talker.cpython-38.pyc
/home/sam/nao-move/install/arm_simulator/lib/python3.8/site-packages/arm_simulator/__pycache__/gesture_talker.cpython-38.pyc
/home/sam/nao-move/install/arm_simulator/lib/python3.8/site-packages/arm_simulator/__pycache__/sim_listener.cpython-38.pyc
/home/sam/nao-move/install/arm_simulator/lib/python3.8/site-packages/arm_simulator/utils/__pycache__/pepper_simulator.cpython-38.pyc
/home/sam/nao-move/install/arm_simulator/lib/python3.8/site-packages/arm_simulator/utils/__pycache__/__init__.cpython-38.pyc
/home/sam/nao-move/install/arm_simulator/lib/python3.8/site-packages/arm_simulator/utils/__pycache__/simulator.cpython-38.pyc
/home/sam/nao-move/install/arm_simulator/lib/python3.8/site-packages/arm_simulator/utils/__pycache__/cvutils.cpython-38.pyc
/home/sam/nao-move/install/arm_simulator/lib/python3.8/site-packages/arm_simulator/utils/keypoint_classifier/__pycache__/__init__.cpython-38.pyc
/home/sam/nao-move/install/arm_simulator/lib/python3.8/site-packages/arm_simulator/utils/keypoint_classifier/__pycache__/keypoint_classifier.cpython-38.pyc
/home/sam/nao-move/install/arm_simulator/lib/python3.8/site-packages/arm_simulator/utils/point_history_classifier/__pycache__/__init__.cpython-38.pyc
/home/sam/nao-move/install/arm_simulator/lib/python3.8/site-packages/arm_simulator/utils/point_history_classifier/__pycache__/point_history_classifier.cpython-38.pyc
/home/sam/nao-move/install/arm_simulator/share/ament_index/resource_index/packages/arm_simulator
/home/sam/nao-move/install/arm_simulator/share/arm_simulator/package.xml
/home/sam/nao-move/install/arm_simulator/share/arm_simulator/launch/arm_simulator_novoice.launch.py
/home/sam/nao-move/install/arm_simulator/share/arm_simulator/launch/arm_simulator.launch.py
/home/sam/nao-move/install/arm_simulator/lib/python3.8/site-packages/arm_simulator-0.0.0-py3.8.egg-info/dependency_links.txt
/home/sam/nao-move/install/arm_simulator/lib/python3.8/site-packages/arm_simulator-0.0.0-py3.8.egg-info/zip-safe
/home/sam/nao-move/install/arm_simulator/lib/python3.8/site-packages/arm_simulator-0.0.0-py3.8.egg-info/PKG-INFO
/home/sam/nao-move/install/arm_simulator/lib/python3.8/site-packages/arm_simulator-0.0.0-py3.8.egg-info/entry_points.txt
/home/sam/nao-move/install/arm_simulator/lib/python3.8/site-packages/arm_simulator-0.0.0-py3.8.egg-info/SOURCES.txt
/home/sam/nao-move/install/arm_simulator/lib/python3.8/site-packages/arm_simulator-0.0.0-py3.8.egg-info/top_level.txt
/home/sam/nao-move/install/arm_simulator/lib/python3.8/site-packages/arm_simulator-0.0.0-py3.8.egg-info/requires.txt
/home/sam/nao-move/install/arm_simulator/lib/arm_simulator/gesture_talker
/home/sam/nao-move/install/arm_simulator/lib/arm_simulator/sim_listener
/home/sam/nao-move/install/arm_simulator/lib/arm_simulator/speech_talker
