[0.512s] Invoking command in '/home/sam/nao-move/dev_ws/src/arm_simulator': PYTHONPATH=/home/sam/nao-move/install/arm_simulator/lib/python3.8/site-packages:${PYTHONPATH} /usr/bin/python3 setup.py egg_info --egg-base ../../../build/arm_simulator build --build-base /home/sam/nao-move/build/arm_simulator/build install --prefix /home/sam/nao-move/install/arm_simulator --record /home/sam/nao-move/build/arm_simulator/install.log --single-version-externally-managed
[0.682s] running egg_info
[0.682s] creating ../../../build/arm_simulator/arm_simulator.egg-info
[0.682s] writing ../../../build/arm_simulator/arm_simulator.egg-info/PKG-INFO
[0.682s] writing dependency_links to ../../../build/arm_simulator/arm_simulator.egg-info/dependency_links.txt
[0.683s] writing entry points to ../../../build/arm_simulator/arm_simulator.egg-info/entry_points.txt
[0.683s] writing requirements to ../../../build/arm_simulator/arm_simulator.egg-info/requires.txt
[0.683s] writing top-level names to ../../../build/arm_simulator/arm_simulator.egg-info/top_level.txt
[0.683s] writing manifest file '../../../build/arm_simulator/arm_simulator.egg-info/SOURCES.txt'
[0.711s] reading manifest file '../../../build/arm_simulator/arm_simulator.egg-info/SOURCES.txt'
[0.711s] writing manifest file '../../../build/arm_simulator/arm_simulator.egg-info/SOURCES.txt'
[0.711s] running build
[0.712s] running build_py
[0.712s] creating /home/sam/nao-move/build/arm_simulator/build
[0.712s] creating /home/sam/nao-move/build/arm_simulator/build/lib
[0.712s] creating /home/sam/nao-move/build/arm_simulator/build/lib/arm_simulator
[0.712s] copying arm_simulator/__init__.py -> /home/sam/nao-move/build/arm_simulator/build/lib/arm_simulator
[0.712s] copying arm_simulator/speech_talker.py -> /home/sam/nao-move/build/arm_simulator/build/lib/arm_simulator
[0.712s] copying arm_simulator/gesture_talker.py -> /home/sam/nao-move/build/arm_simulator/build/lib/arm_simulator
[0.712s] copying arm_simulator/sim_listener.py -> /home/sam/nao-move/build/arm_simulator/build/lib/arm_simulator
[0.712s] creating /home/sam/nao-move/build/arm_simulator/build/lib/arm_simulator/utils
[0.712s] copying arm_simulator/utils/pepper_simulator.py -> /home/sam/nao-move/build/arm_simulator/build/lib/arm_simulator/utils
[0.712s] copying arm_simulator/utils/__init__.py -> /home/sam/nao-move/build/arm_simulator/build/lib/arm_simulator/utils
[0.712s] copying arm_simulator/utils/simulator.py -> /home/sam/nao-move/build/arm_simulator/build/lib/arm_simulator/utils
[0.712s] copying arm_simulator/utils/cvutils.py -> /home/sam/nao-move/build/arm_simulator/build/lib/arm_simulator/utils
[0.712s] creating /home/sam/nao-move/build/arm_simulator/build/lib/arm_simulator/utils/keypoint_classifier
[0.712s] copying arm_simulator/utils/keypoint_classifier/__init__.py -> /home/sam/nao-move/build/arm_simulator/build/lib/arm_simulator/utils/keypoint_classifier
[0.712s] copying arm_simulator/utils/keypoint_classifier/keypoint_classifier.py -> /home/sam/nao-move/build/arm_simulator/build/lib/arm_simulator/utils/keypoint_classifier
[0.712s] creating /home/sam/nao-move/build/arm_simulator/build/lib/arm_simulator/utils/point_history_classifier
[0.713s] copying arm_simulator/utils/point_history_classifier/__init__.py -> /home/sam/nao-move/build/arm_simulator/build/lib/arm_simulator/utils/point_history_classifier
[0.713s] copying arm_simulator/utils/point_history_classifier/point_history_classifier.py -> /home/sam/nao-move/build/arm_simulator/build/lib/arm_simulator/utils/point_history_classifier
[0.713s] running install
[0.713s] running install_lib
[0.714s] creating /home/sam/nao-move/install/arm_simulator/lib/python3.8/site-packages/arm_simulator
[0.714s] creating /home/sam/nao-move/install/arm_simulator/lib/python3.8/site-packages/arm_simulator/utils
[0.714s] copying /home/sam/nao-move/build/arm_simulator/build/lib/arm_simulator/utils/pepper_simulator.py -> /home/sam/nao-move/install/arm_simulator/lib/python3.8/site-packages/arm_simulator/utils
[0.714s] copying /home/sam/nao-move/build/arm_simulator/build/lib/arm_simulator/utils/__init__.py -> /home/sam/nao-move/install/arm_simulator/lib/python3.8/site-packages/arm_simulator/utils
[0.714s] creating /home/sam/nao-move/install/arm_simulator/lib/python3.8/site-packages/arm_simulator/utils/keypoint_classifier
[0.714s] copying /home/sam/nao-move/build/arm_simulator/build/lib/arm_simulator/utils/keypoint_classifier/__init__.py -> /home/sam/nao-move/install/arm_simulator/lib/python3.8/site-packages/arm_simulator/utils/keypoint_classifier
[0.714s] copying /home/sam/nao-move/build/arm_simulator/build/lib/arm_simulator/utils/keypoint_classifier/keypoint_classifier.py -> /home/sam/nao-move/install/arm_simulator/lib/python3.8/site-packages/arm_simulator/utils/keypoint_classifier
[0.714s] copying /home/sam/nao-move/build/arm_simulator/build/lib/arm_simulator/utils/simulator.py -> /home/sam/nao-move/install/arm_simulator/lib/python3.8/site-packages/arm_simulator/utils
[0.715s] creating /home/sam/nao-move/install/arm_simulator/lib/python3.8/site-packages/arm_simulator/utils/point_history_classifier
[0.715s] copying /home/sam/nao-move/build/arm_simulator/build/lib/arm_simulator/utils/point_history_classifier/__init__.py -> /home/sam/nao-move/install/arm_simulator/lib/python3.8/site-packages/arm_simulator/utils/point_history_classifier
[0.715s] copying /home/sam/nao-move/build/arm_simulator/build/lib/arm_simulator/utils/point_history_classifier/point_history_classifier.py -> /home/sam/nao-move/install/arm_simulator/lib/python3.8/site-packages/arm_simulator/utils/point_history_classifier
[0.715s] copying /home/sam/nao-move/build/arm_simulator/build/lib/arm_simulator/utils/cvutils.py -> /home/sam/nao-move/install/arm_simulator/lib/python3.8/site-packages/arm_simulator/utils
[0.715s] copying /home/sam/nao-move/build/arm_simulator/build/lib/arm_simulator/__init__.py -> /home/sam/nao-move/install/arm_simulator/lib/python3.8/site-packages/arm_simulator
[0.715s] copying /home/sam/nao-move/build/arm_simulator/build/lib/arm_simulator/speech_talker.py -> /home/sam/nao-move/install/arm_simulator/lib/python3.8/site-packages/arm_simulator
[0.715s] copying /home/sam/nao-move/build/arm_simulator/build/lib/arm_simulator/gesture_talker.py -> /home/sam/nao-move/install/arm_simulator/lib/python3.8/site-packages/arm_simulator
[0.715s] copying /home/sam/nao-move/build/arm_simulator/build/lib/arm_simulator/sim_listener.py -> /home/sam/nao-move/install/arm_simulator/lib/python3.8/site-packages/arm_simulator
[0.715s] byte-compiling /home/sam/nao-move/install/arm_simulator/lib/python3.8/site-packages/arm_simulator/utils/pepper_simulator.py to pepper_simulator.cpython-38.pyc
[0.716s] byte-compiling /home/sam/nao-move/install/arm_simulator/lib/python3.8/site-packages/arm_simulator/utils/__init__.py to __init__.cpython-38.pyc
[0.716s] byte-compiling /home/sam/nao-move/install/arm_simulator/lib/python3.8/site-packages/arm_simulator/utils/keypoint_classifier/__init__.py to __init__.cpython-38.pyc
[0.716s] byte-compiling /home/sam/nao-move/install/arm_simulator/lib/python3.8/site-packages/arm_simulator/utils/keypoint_classifier/keypoint_classifier.py to keypoint_classifier.cpython-38.pyc
[0.717s] byte-compiling /home/sam/nao-move/install/arm_simulator/lib/python3.8/site-packages/arm_simulator/utils/simulator.py to simulator.cpython-38.pyc
[0.717s] byte-compiling /home/sam/nao-move/install/arm_simulator/lib/python3.8/site-packages/arm_simulator/utils/point_history_classifier/__init__.py to __init__.cpython-38.pyc
[0.717s] byte-compiling /home/sam/nao-move/install/arm_simulator/lib/python3.8/site-packages/arm_simulator/utils/point_history_classifier/point_history_classifier.py to point_history_classifier.cpython-38.pyc
[0.718s] byte-compiling /home/sam/nao-move/install/arm_simulator/lib/python3.8/site-packages/arm_simulator/utils/cvutils.py to cvutils.cpython-38.pyc
[0.721s] byte-compiling /home/sam/nao-move/install/arm_simulator/lib/python3.8/site-packages/arm_simulator/__init__.py to __init__.cpython-38.pyc
[0.721s] byte-compiling /home/sam/nao-move/install/arm_simulator/lib/python3.8/site-packages/arm_simulator/speech_talker.py to speech_talker.cpython-38.pyc
[0.721s] byte-compiling /home/sam/nao-move/install/arm_simulator/lib/python3.8/site-packages/arm_simulator/gesture_talker.py to gesture_talker.cpython-38.pyc
[0.722s] byte-compiling /home/sam/nao-move/install/arm_simulator/lib/python3.8/site-packages/arm_simulator/sim_listener.py to sim_listener.cpython-38.pyc
[0.723s] running install_data
[0.723s] creating /home/sam/nao-move/install/arm_simulator/share/ament_index
[0.723s] creating /home/sam/nao-move/install/arm_simulator/share/ament_index/resource_index
[0.723s] creating /home/sam/nao-move/install/arm_simulator/share/ament_index/resource_index/packages
[0.723s] copying resource/arm_simulator -> /home/sam/nao-move/install/arm_simulator/share/ament_index/resource_index/packages
[0.723s] copying package.xml -> /home/sam/nao-move/install/arm_simulator/share/arm_simulator
[0.723s] creating /home/sam/nao-move/install/arm_simulator/share/arm_simulator/launch
[0.723s] copying launch/arm_simulator_novoice.launch.py -> /home/sam/nao-move/install/arm_simulator/share/arm_simulator/launch
[0.723s] copying launch/arm_simulator.launch.py -> /home/sam/nao-move/install/arm_simulator/share/arm_simulator/launch
[0.723s] running install_egg_info
[0.724s] Copying ../../../build/arm_simulator/arm_simulator.egg-info to /home/sam/nao-move/install/arm_simulator/lib/python3.8/site-packages/arm_simulator-0.0.0-py3.8.egg-info
[0.725s] running install_scripts
[0.737s] Installing gesture_talker script to /home/sam/nao-move/install/arm_simulator/lib/arm_simulator
[0.737s] Installing sim_listener script to /home/sam/nao-move/install/arm_simulator/lib/arm_simulator
[0.737s] Installing speech_talker script to /home/sam/nao-move/install/arm_simulator/lib/arm_simulator
[0.737s] writing list of installed files to '/home/sam/nao-move/build/arm_simulator/install.log'
[0.752s] Invoked command in '/home/sam/nao-move/dev_ws/src/arm_simulator' returned '0': PYTHONPATH=/home/sam/nao-move/install/arm_simulator/lib/python3.8/site-packages:${PYTHONPATH} /usr/bin/python3 setup.py egg_info --egg-base ../../../build/arm_simulator build --build-base /home/sam/nao-move/build/arm_simulator/build install --prefix /home/sam/nao-move/install/arm_simulator --record /home/sam/nao-move/build/arm_simulator/install.log --single-version-externally-managed
